2016-12-01 15:53:18 INFO  MongoConnector:95 - Подключение к серверу
2016-12-01 15:53:19 INFO  MongoConnector:100 - На сервере имются следующие базы: 
2016-12-01 15:53:19 INFO  MongoConnector:102 - BaseName = anycipe
2016-12-01 15:53:19 INFO  MongoConnector:100 - На сервере имются следующие базы: 
2016-12-01 15:53:19 INFO  MongoConnector:102 - BaseName = anycipe_crawler
2016-12-01 15:53:19 INFO  MongoConnector:100 - На сервере имются следующие базы: 
2016-12-01 15:53:19 INFO  MongoConnector:102 - BaseName = local
2016-12-01 15:54:30 WARN  MongoConnector:95 - Подключение к серверу
2016-12-01 15:54:31 INFO  MongoConnector:100 - На сервере имются следующие базы: 
2016-12-01 15:54:31 INFO  MongoConnector:102 - BaseName = anycipe
2016-12-01 15:54:31 INFO  MongoConnector:100 - На сервере имются следующие базы: 
2016-12-01 15:54:31 INFO  MongoConnector:102 - BaseName = anycipe_crawler
2016-12-01 15:54:31 INFO  MongoConnector:100 - На сервере имются следующие базы: 
2016-12-01 15:54:31 INFO  MongoConnector:102 - BaseName = local
2016-12-01 16:11:55 INFO  MongoConnector:88 - Подключение к серверу
2016-12-01 16:11:57 INFO  MongoConnector:92 - На сервере имются следующие базы: 
2016-12-01 16:11:57 INFO  MongoConnector:93 - BaseName = anycipe
2016-12-01 16:11:57 INFO  MongoConnector:92 - На сервере имются следующие базы: 
2016-12-01 16:11:57 INFO  MongoConnector:93 - BaseName = anycipe_crawler
2016-12-01 16:11:57 INFO  MongoConnector:92 - На сервере имются следующие базы: 
2016-12-01 16:11:57 INFO  MongoConnector:93 - BaseName = local
